-------------------------------------------------------------------------------
Test set: BonusServiceTest
-------------------------------------------------------------------------------
Tests run: 2, Failures: 1, Errors: 0, Skipped: 0, Time elapsed: 0.062 s <<< FAILURE! - in BonusServiceTest
shouldCalculateForRegisteredAndBonusOverLimit  Time elapsed: 0.015 s  <<< FAILURE!
org.opentest4j.AssertionFailedError: expected: <501> but was: <500>
	at BonusServiceTest.shouldCalculateForRegisteredAndBonusOverLimit(BonusServiceTest.java:33)

